<?xml version="1.0" encoding="UTF-8"?>
<testsuite name="TestBegin" tests="10" skipped="0" failures="0" errors="0" timestamp="2016-10-19T13:04:48" hostname="marcels-macbook.local" time="0.17">
  <properties/>
  <testcase name="testConditionalBeginBlock" classname="TestBegin" time="0.018"/>
  <testcase name="testNoBeginBlock" classname="TestBegin" time="0.001"/>
  <testcase name="testSimpleBeginBlock" classname="TestBegin" time="0.002"/>
  <testcase name="testBlockedBeginBlock" classname="TestBegin" time="0.002"/>
  <testcase name="testJunit" classname="TestBegin" time="0.0"/>
  <testcase name="testConditionalBeginBlock" classname="TestBegin" time="0.003"/>
  <testcase name="testNoBeginBlock" classname="TestBegin" time="0.001"/>
  <testcase name="testSimpleBeginBlock" classname="TestBegin" time="0.004"/>
  <testcase name="testBlockedBeginBlock" classname="TestBegin" time="0.002"/>
  <testcase name="testJunit" classname="TestBegin" time="0.0"/>
  <system-out><![CDATA[]]></system-out>
  <system-err><![CDATA[]]></system-err>
</testsuite>
