<?xml version="1.0" encoding="UTF-8"?>
<testsuite name="TestTopics" tests="6" skipped="0" failures="0" errors="0" timestamp="2016-10-19T13:04:48" hostname="marcels-macbook.local" time="0.162">
  <properties/>
  <testcase name="testPunishmentTopic" classname="TestTopics" time="0.003"/>
  <testcase name="testInheritance" classname="TestTopics" time="0.009"/>
  <testcase name="testJunit" classname="TestTopics" time="0.0"/>
  <testcase name="testPunishmentTopic" classname="TestTopics" time="0.006"/>
  <testcase name="testInheritance" classname="TestTopics" time="0.015"/>
  <testcase name="testJunit" classname="TestTopics" time="0.0"/>
  <system-out><![CDATA[]]></system-out>
  <system-err><![CDATA[]]></system-err>
</testsuite>
