<?xml version="1.0" encoding="UTF-8"?>
<testsuite name="TestBase" tests="1" skipped="0" failures="0" errors="0" timestamp="2016-10-19T13:04:48" hostname="marcels-macbook.local" time="0.0">
  <properties/>
  <testcase name="testJunit" classname="TestBase" time="0.0"/>
  <system-out><![CDATA[]]></system-out>
  <system-err><![CDATA[]]></system-err>
</testsuite>
