<?xml version="1.0" encoding="UTF-8"?>
<testsuite name="TestMath" tests="4" skipped="0" failures="0" errors="0" timestamp="2016-10-19T13:04:48" hostname="marcels-macbook.local" time="0.158">
  <properties/>
  <testcase name="testMath" classname="TestMath" time="0.006"/>
  <testcase name="testJunit" classname="TestMath" time="0.0"/>
  <testcase name="testMath" classname="TestMath" time="0.003"/>
  <testcase name="testJunit" classname="TestMath" time="0.0"/>
  <system-out><![CDATA[]]></system-out>
  <system-err><![CDATA[]]></system-err>
</testsuite>
