<?xml version="1.0" encoding="UTF-8"?>
<testsuite name="TestSubstitutions" tests="6" skipped="0" failures="0" errors="0" timestamp="2016-10-19T13:04:48" hostname="marcels-macbook.local" time="0.154">
  <properties/>
  <testcase name="testPersonSubstitutions" classname="TestSubstitutions" time="0.005"/>
  <testcase name="testSubstitutions" classname="TestSubstitutions" time="0.007"/>
  <testcase name="testJunit" classname="TestSubstitutions" time="0.001"/>
  <testcase name="testPersonSubstitutions" classname="TestSubstitutions" time="0.002"/>
  <testcase name="testSubstitutions" classname="TestSubstitutions" time="0.002"/>
  <testcase name="testJunit" classname="TestSubstitutions" time="0.0"/>
  <system-out><![CDATA[]]></system-out>
  <system-err><![CDATA[]]></system-err>
</testsuite>
