<?xml version="1.0" encoding="UTF-8"?>
<testsuite name="TestTriggers" tests="12" skipped="0" failures="0" errors="0" timestamp="2016-10-19T13:04:48" hostname="marcels-macbook.local" time="0.167">
  <properties/>
  <testcase name="testAlternativesAndOptionals" classname="TestTriggers" time="0.012"/>
  <testcase name="testWeightedTriggers" classname="TestTriggers" time="0.002"/>
  <testcase name="testTriggerArrays" classname="TestTriggers" time="0.005"/>
  <testcase name="testAtomicTriggers" classname="TestTriggers" time="0.001"/>
  <testcase name="testWildcardTriggers" classname="TestTriggers" time="0.002"/>
  <testcase name="testJunit" classname="TestTriggers" time="0.0"/>
  <testcase name="testAlternativesAndOptionals" classname="TestTriggers" time="0.006"/>
  <testcase name="testWeightedTriggers" classname="TestTriggers" time="0.001"/>
  <testcase name="testTriggerArrays" classname="TestTriggers" time="0.003"/>
  <testcase name="testAtomicTriggers" classname="TestTriggers" time="0.001"/>
  <testcase name="testWildcardTriggers" classname="TestTriggers" time="0.002"/>
  <testcase name="testJunit" classname="TestTriggers" time="0.0"/>
  <system-out><![CDATA[]]></system-out>
  <system-err><![CDATA[]]></system-err>
</testsuite>
